0 info it worked if it ends with ok
1 verbose cli [ '/usr/bin/node', '/usr/bin/npm', 'install', '-g', '@vue/cli' ]
2 info using npm@1.4.21
3 info using node@v8.11.1
4 verbose cache add [ '@vue/cli', null ]
5 verbose cache add name=undefined spec="@vue/cli" args=["@vue/cli",null]
6 verbose parsed url Url {
6 verbose parsed url   protocol: null,
6 verbose parsed url   slashes: null,
6 verbose parsed url   auth: null,
6 verbose parsed url   host: null,
6 verbose parsed url   port: null,
6 verbose parsed url   hostname: null,
6 verbose parsed url   hash: null,
6 verbose parsed url   search: null,
6 verbose parsed url   query: null,
6 verbose parsed url   pathname: '@vue/cli',
6 verbose parsed url   path: '@vue/cli',
6 verbose parsed url   href: '@vue/cli' }
7 verbose cache add name="" spec="vue/cli" args=["","vue/cli"]
8 verbose parsed url Url {
8 verbose parsed url   protocol: null,
8 verbose parsed url   slashes: null,
8 verbose parsed url   auth: null,
8 verbose parsed url   host: null,
8 verbose parsed url   port: null,
8 verbose parsed url   hostname: null,
8 verbose parsed url   hash: null,
8 verbose parsed url   search: null,
8 verbose parsed url   query: null,
8 verbose parsed url   pathname: 'vue/cli',
8 verbose parsed url   path: 'vue/cli',
8 verbose parsed url   href: 'vue/cli' }
9 silly lockFile 5dd9f5b4-vue-cli vue/cli
10 verbose lock vue/cli /home/pi/.npm/5dd9f5b4-vue-cli.lock
11 info maybeGithub Attempting vue/cli from git://github.com/vue/cli
12 silly lockFile 104a4564-git-github-com-vue-cli git://github.com/vue/cli
13 verbose lock git://github.com/vue/cli /home/pi/.npm/104a4564-git-github-com-vue-cli.lock
14 verbose addRemoteGit [ 'git://github.com/vue/cli', 'master' ]
15 verbose git clone git://github.com/vue/cli Cloning into bare repository '/home/pi/.npm/_git-remotes/git-github-com-vue-cli-104a4564'...
15 verbose git clone git://github.com/vue/cli fatal: remote error:
15 verbose git clone git://github.com/vue/cli   Repository not found.
16 silly lockFile 104a4564-git-github-com-vue-cli git://github.com/vue/cli
17 silly lockFile 104a4564-git-github-com-vue-cli git://github.com/vue/cli
18 info maybeGithub Attempting vue/cli from git+ssh://git@github.com:vue/cli
19 silly lockFile 4dbdef53-git-github-com-vue-cli git@github.com:vue/cli
20 verbose lock git@github.com:vue/cli /home/pi/.npm/4dbdef53-git-github-com-vue-cli.lock
21 verbose addRemoteGit [ 'git@github.com:vue/cli', 'master' ]
22 error git clone git@github.com:vue/cli Cloning into bare repository '/home/pi/.npm/_git-remotes/git-github-com-vue-cli-4dbdef53'...
22 error git clone git@github.com:vue/cli ERROR: Repository not found.
22 error git clone git@github.com:vue/cli fatal: Could not read from remote repository.
22 error git clone git@github.com:vue/cli
22 error git clone git@github.com:vue/cli Please make sure you have the correct access rights
22 error git clone git@github.com:vue/cli and the repository exists.
23 silly lockFile 4dbdef53-git-github-com-vue-cli git@github.com:vue/cli
24 silly lockFile 4dbdef53-git-github-com-vue-cli git@github.com:vue/cli
25 silly lockFile 5dd9f5b4-vue-cli vue/cli
26 silly lockFile 5dd9f5b4-vue-cli vue/cli
27 error addLocal Could not install vue/cli
28 error Error: ENOENT: no such file or directory, stat 'vue/cli'
29 error If you need help, you may report this *entire* log,
29 error including the npm and node versions, at:
29 error     <http://github.com/npm/npm/issues>
30 error System Linux 4.14.98-v7+
31 error command "/usr/bin/node" "/usr/bin/npm" "install" "-g" "@vue/cli"
32 error cwd /home/pi/iDC
33 error node -v v8.11.1
34 error npm -v 1.4.21
35 error path vue/cli
36 error syscall stat
37 error code ENOENT
38 error errno -2
39 verbose exit [ -2, true ]
